2026-02-03 09:41:24 [192.168.96.1][-][-][error][Error] Error: Class "app\models\Trip" not found in /app/views/site/index.php:18
Stack trace:
#0 /app/vendor/yiisoft/yii2/base/View.php(348): require()
#1 /app/vendor/yiisoft/yii2/base/View.php(258): yii\base\View->renderPhpFile('/app/views/site...', Array)
#2 /app/vendor/yiisoft/yii2/base/View.php(157): yii\base\View->renderFile('/app/views/site...', Array, Object(app\controllers\SiteController))
#3 /app/vendor/yiisoft/yii2/base/Controller.php(413): yii\base\View->render('index', Array, Object(app\controllers\SiteController))
#4 /app/controllers/SiteController.php(66): yii\base\Controller->render('index')
#5 [internal function]: app\controllers\SiteController->actionIndex()
#6 /app/vendor/yiisoft/yii2/base/InlineAction.php(60): call_user_func_array(Array, Array)
#7 /app/vendor/yiisoft/yii2/base/Controller.php(184): yii\base\InlineAction->runWithParams(Array)
#8 /app/vendor/yiisoft/yii2/base/Module.php(555): yii\base\Controller->runAction('', Array)
#9 /app/vendor/yiisoft/yii2/web/Application.php(103): yii\base\Module->runAction('', Array)
#10 /app/vendor/yiisoft/yii2/base/Application.php(387): yii\web\Application->handleRequest(Object(yii\web\Request))
#11 /app/web/index.php(15): yii\base\Application->run()
#12 {main}
2026-02-03 09:41:24 [192.168.96.1][-][-][info][application] $_GET = []

$_POST = []
2026-02-03 10:27:34 [192.168.96.1][-][2fe393ed8cd2aeb38f28db33c423ae58][error][yii\web\HttpException:404] yii\base\InvalidRouteException: Unable to resolve the request "searcher". in /app/vendor/yiisoft/yii2/base/Module.php:564
Stack trace:
#0 /app/vendor/yiisoft/yii2/web/Application.php(103): yii\base\Module->runAction('searcher', Array)
#1 /app/vendor/yiisoft/yii2/base/Application.php(387): yii\web\Application->handleRequest(Object(yii\web\Request))
#2 /app/web/index.php(15): yii\base\Application->run()
#3 {main}

Next yii\web\NotFoundHttpException: Страница не найдена. in /app/vendor/yiisoft/yii2/web/Application.php:115
Stack trace:
#0 /app/vendor/yiisoft/yii2/base/Application.php(387): yii\web\Application->handleRequest(Object(yii\web\Request))
#1 /app/web/index.php(15): yii\base\Application->run()
#2 {main}
2026-02-03 10:27:34 [192.168.96.1][-][2fe393ed8cd2aeb38f28db33c423ae58][info][application] $_GET = []

$_POST = []
2026-02-03 10:27:57 [192.168.96.1][-][2fe393ed8cd2aeb38f28db33c423ae58][error][yii\base\ErrorException:64] yii\base\ErrorException: Declaration of app\models\SearcherSearch::rules() must be compatible with app\models\Searcher::rules(): array in /app/models/SearcherSearch.php:17
Stack trace:
#0 [internal function]: yii\base\ErrorHandler->handleFatalError()
#1 {main}
2026-02-03 10:27:57 [192.168.96.1][-][2fe393ed8cd2aeb38f28db33c423ae58][info][application] $_GET = []

$_POST = []
2026-02-03 10:36:51 [192.168.96.1][-][2fe393ed8cd2aeb38f28db33c423ae58][error][yii\base\UnknownPropertyException] yii\base\UnknownPropertyException: Setting unknown property: yii\behaviors\TimestampBehavior::update_at in /app/vendor/yiisoft/yii2/base/BaseObject.php:166
Stack trace:
#0 /app/vendor/yiisoft/yii2/BaseYii.php(566): yii\base\BaseObject->__set('update_at', NULL)
#1 /app/vendor/yiisoft/yii2/base/BaseObject.php(110): yii\BaseYii::configure(Object(yii\behaviors\TimestampBehavior), Array)
#2 [internal function]: yii\base\BaseObject->__construct(Array)
#3 /app/vendor/yiisoft/yii2/di/Container.php(425): ReflectionClass->newInstanceArgs(Array)
#4 /app/vendor/yiisoft/yii2/di/Container.php(176): yii\di\Container->build('yii\\behaviors\\T...', Array, Array)
#5 /app/vendor/yiisoft/yii2/BaseYii.php(374): yii\di\Container->get('yii\\behaviors\\T...', Array, Array)
#6 /app/vendor/yiisoft/yii2/base/Component.php(771): yii\BaseYii::createObject(Array)
#7 /app/vendor/yiisoft/yii2/base/Component.php(755): yii\base\Component->attachBehaviorInternal(0, Array)
#8 /app/vendor/yiisoft/yii2/base/Component.php(624): yii\base\Component->ensureBehaviors()
#9 /app/vendor/yiisoft/yii2/db/BaseActiveRecord.php(943): yii\base\Component->trigger('init')
#10 /app/vendor/yiisoft/yii2/base/BaseObject.php(112): yii\db\BaseActiveRecord->init()
#11 /app/controllers/SearcherController.php(70): yii\base\BaseObject->__construct()
#12 [internal function]: app\controllers\SearcherController->actionCreate()
#13 /app/vendor/yiisoft/yii2/base/InlineAction.php(60): call_user_func_array(Array, Array)
#14 /app/vendor/yiisoft/yii2/base/Controller.php(184): yii\base\InlineAction->runWithParams(Array)
#15 /app/vendor/yiisoft/yii2/base/Module.php(555): yii\base\Controller->runAction('create', Array)
#16 /app/vendor/yiisoft/yii2/web/Application.php(103): yii\base\Module->runAction('searcher/create', Array)
#17 /app/vendor/yiisoft/yii2/base/Application.php(387): yii\web\Application->handleRequest(Object(yii\web\Request))
#18 /app/web/index.php(15): yii\base\Application->run()
#19 {main}
2026-02-03 10:36:51 [192.168.96.1][-][2fe393ed8cd2aeb38f28db33c423ae58][info][application] $_GET = []

$_POST = []
2026-02-03 10:37:07 [192.168.96.1][-][2fe393ed8cd2aeb38f28db33c423ae58][error][yii\base\UnknownPropertyException] yii\base\UnknownPropertyException: Setting unknown property: yii\behaviors\TimestampBehavior::updated_at in /app/vendor/yiisoft/yii2/base/BaseObject.php:166
Stack trace:
#0 /app/vendor/yiisoft/yii2/BaseYii.php(566): yii\base\BaseObject->__set('updated_at', NULL)
#1 /app/vendor/yiisoft/yii2/base/BaseObject.php(110): yii\BaseYii::configure(Object(yii\behaviors\TimestampBehavior), Array)
#2 [internal function]: yii\base\BaseObject->__construct(Array)
#3 /app/vendor/yiisoft/yii2/di/Container.php(425): ReflectionClass->newInstanceArgs(Array)
#4 /app/vendor/yiisoft/yii2/di/Container.php(176): yii\di\Container->build('yii\\behaviors\\T...', Array, Array)
#5 /app/vendor/yiisoft/yii2/BaseYii.php(374): yii\di\Container->get('yii\\behaviors\\T...', Array, Array)
#6 /app/vendor/yiisoft/yii2/base/Component.php(771): yii\BaseYii::createObject(Array)
#7 /app/vendor/yiisoft/yii2/base/Component.php(755): yii\base\Component->attachBehaviorInternal(0, Array)
#8 /app/vendor/yiisoft/yii2/base/Component.php(624): yii\base\Component->ensureBehaviors()
#9 /app/vendor/yiisoft/yii2/db/BaseActiveRecord.php(943): yii\base\Component->trigger('init')
#10 /app/vendor/yiisoft/yii2/base/BaseObject.php(112): yii\db\BaseActiveRecord->init()
#11 /app/controllers/SearcherController.php(70): yii\base\BaseObject->__construct()
#12 [internal function]: app\controllers\SearcherController->actionCreate()
#13 /app/vendor/yiisoft/yii2/base/InlineAction.php(60): call_user_func_array(Array, Array)
#14 /app/vendor/yiisoft/yii2/base/Controller.php(184): yii\base\InlineAction->runWithParams(Array)
#15 /app/vendor/yiisoft/yii2/base/Module.php(555): yii\base\Controller->runAction('create', Array)
#16 /app/vendor/yiisoft/yii2/web/Application.php(103): yii\base\Module->runAction('searcher/create', Array)
#17 /app/vendor/yiisoft/yii2/base/Application.php(387): yii\web\Application->handleRequest(Object(yii\web\Request))
#18 /app/web/index.php(15): yii\base\Application->run()
#19 {main}
2026-02-03 10:37:07 [192.168.96.1][-][2fe393ed8cd2aeb38f28db33c423ae58][info][application] $_GET = []

$_POST = []
2026-02-03 11:23:01 [192.168.96.1][-][2fe393ed8cd2aeb38f28db33c423ae58][error][yii\web\HttpException:404] yii\base\InvalidRouteException: Unable to resolve the request ".well-known/appspecific/com.chrome.devtools.json". in /app/vendor/yiisoft/yii2/base/Module.php:564
Stack trace:
#0 /app/vendor/yiisoft/yii2/web/Application.php(103): yii\base\Module->runAction('.well-known/app...', Array)
#1 /app/vendor/yiisoft/yii2/base/Application.php(387): yii\web\Application->handleRequest(Object(yii\web\Request))
#2 /app/web/index.php(15): yii\base\Application->run()
#3 {main}

Next yii\web\NotFoundHttpException: Страница не найдена. in /app/vendor/yiisoft/yii2/web/Application.php:115
Stack trace:
#0 /app/vendor/yiisoft/yii2/base/Application.php(387): yii\web\Application->handleRequest(Object(yii\web\Request))
#1 /app/web/index.php(15): yii\base\Application->run()
#2 {main}
2026-02-03 11:23:01 [192.168.96.1][-][2fe393ed8cd2aeb38f28db33c423ae58][info][application] $_GET = []

$_POST = []
2026-02-03 06:43:19 [-][-][-][error][yii\console\Exception] yii\console\Exception: Missing required arguments: username, phone, password in /app/vendor/yiisoft/yii2/console/Controller.php:256
Stack trace:
#0 /app/vendor/yiisoft/yii2/base/InlineAction.php(54): yii\console\Controller->bindActionParams(Object(yii\base\InlineAction), Array)
#1 /app/vendor/yiisoft/yii2/base/Controller.php(184): yii\base\InlineAction->runWithParams(Array)
#2 /app/vendor/yiisoft/yii2/console/Controller.php(180): yii\base\Controller->runAction('create', Array)
#3 /app/vendor/yiisoft/yii2/base/Module.php(555): yii\console\Controller->runAction('create', Array)
#4 /app/vendor/yiisoft/yii2/console/Application.php(180): yii\base\Module->runAction('user/create', Array)
#5 /app/vendor/yiisoft/yii2/console/Application.php(147): yii\console\Application->runAction('user/create', Array)
#6 /app/vendor/yiisoft/yii2/base/Application.php(387): yii\console\Application->handleRequest(Object(yii\console\Request))
#7 /app/yii(22): yii\base\Application->run()
#8 {main}
2026-02-03 06:43:19 [-][-][-][info][application] $_GET = []

$_POST = []

$_FILES = []

$_COOKIE = []

$_SERVER = [
    'PHP_ENABLE_XDEBUG' => '1'
    'PHP_USER_ID' => '33'
    'HOSTNAME' => 'fc880064291a'
    'PHP_VERSION' => '8.2.29'
    'APACHE_CONFDIR' => '/etc/apache2'
    'PHP_INI_DIR' => '/usr/local/etc/php'
    'GPG_KEYS' => '39B641343D8C104B2B146DC3F9C39DC0B9698544 E60913E4DF209907D8E30D96659A97C9CF2A795A 1198C0117593497A5EC5C199286AF1F9897469DC'
    'PHP_LDFLAGS' => '-Wl,-O1 -pie'
    'PWD' => '/app'
    'HOME' => '/root'
    'PHP_SHA256' => '475f991afd2d5b901fb410be407d929bc00c46285d3f439a02c59e8b6fe3589c'
    'PHPIZE_DEPS' => 'autoconf 		dpkg-dev 		file 		g++ 		gcc 		libc-dev 		make 		pkg-config 		re2c'
    'TERM' => 'linux'
    'PHP_URL' => 'https://www.php.net/distributions/php-8.2.29.tar.xz'
    'SHLVL' => '1'
    'COMPOSER_ALLOW_SUPERUSER' => '1'
    'PHP_CFLAGS' => '-fstack-protector-strong -fpic -fpie -O2 -D_LARGEFILE_SOURCE -D_FILE_OFFSET_BITS=64'
    'APACHE_ENVVARS' => '/etc/apache2/envvars'
    'PATH' => '/app:/app/vendor/bin:/root/.composer/vendor/bin:/usr/local/sbin:/usr/local/bin:/usr/sbin:/usr/bin:/sbin:/bin'
    'PHP_ASC_URL' => 'https://www.php.net/distributions/php-8.2.29.tar.xz.asc'
    'PHP_CPPFLAGS' => '-fstack-protector-strong -fpic -fpie -O2 -D_LARGEFILE_SOURCE -D_FILE_OFFSET_BITS=64'
    '_' => './yii'
    'PHP_SELF' => './yii'
    'SCRIPT_NAME' => './yii'
    'SCRIPT_FILENAME' => './yii'
    'PATH_TRANSLATED' => './yii'
    'DOCUMENT_ROOT' => ''
    'REQUEST_TIME_FLOAT' => 1770100999.3383
    'REQUEST_TIME' => 1770100999
    'argv' => [
        0 => './yii'
        1 => 'user/create'
    ]
    'argc' => 2
    'DB_DSN' => 'mysql:host=mysql;dbname=yii2advanced'
    'DB_USERNAME' => 'yii2advanced'
    'DB_PASSWORD' => 'secret'
    'YII_DEBUG' => 'true'
    'YII_ENV' => 'dev'
]
2026-02-03 11:47:03 [192.168.96.1][1][5ebbd1d16594a2db2216f16040ac2b26][error][yii\web\HttpException:403] yii\web\ForbiddenHttpException: Вам не разрешено производить данное действие. in /app/vendor/yiisoft/yii2/filters/AccessControl.php:158
Stack trace:
#0 /app/vendor/yiisoft/yii2/filters/AccessControl.php(140): yii\filters\AccessControl->denyAccess(Object(yii\web\User))
#1 /app/vendor/yiisoft/yii2/base/ActionFilter.php(77): yii\filters\AccessControl->beforeAction(Object(yii\base\InlineAction))
#2 [internal function]: yii\base\ActionFilter->beforeFilter(Object(yii\base\ActionEvent))
#3 /app/vendor/yiisoft/yii2/base/Component.php(648): call_user_func(Array, Object(yii\base\ActionEvent))
#4 /app/vendor/yiisoft/yii2/base/Controller.php(303): yii\base\Component->trigger('beforeAction', Object(yii\base\ActionEvent))
#5 /app/vendor/yiisoft/yii2/web/Controller.php(318): yii\base\Controller->beforeAction(Object(yii\base\InlineAction))
#6 /app/vendor/yiisoft/yii2/base/Controller.php(182): yii\web\Controller->beforeAction(Object(yii\base\InlineAction))
#7 /app/vendor/yiisoft/yii2/base/Module.php(555): yii\base\Controller->runAction('create', Array)
#8 /app/vendor/yiisoft/yii2/web/Application.php(103): yii\base\Module->runAction('searcher/create', Array)
#9 /app/vendor/yiisoft/yii2/base/Application.php(387): yii\web\Application->handleRequest(Object(yii\web\Request))
#10 /app/web/index.php(15): yii\base\Application->run()
#11 {main}
2026-02-03 11:47:03 [192.168.96.1][1][5ebbd1d16594a2db2216f16040ac2b26][info][application] $_GET = []

$_POST = []
